moojik/build/outputs/logs/manifest-merger-release-report.txt
-- Merging decision tree log ---
manifest
ADDED from src/main/AndroidManifest.xml:2:1-311:12
	package
		ADDED from src/main/AndroidManifest.xml:3:5-38
		INJECTED from src/main/AndroidManifest.xml
		INJECTED from src/main/AndroidManifest.xml
	android:versionName
		ADDED from src/main/AndroidManifest.xml:6:5-30
		INJECTED from src/main/AndroidManifest.xml
		INJECTED from src/main/AndroidManifest.xml
	android:hardwareAccelerated
		ADDED from src/main/AndroidManifest.xml:4:5-39
	android:versionCode
		ADDED from src/main/AndroidManifest.xml:5:5-28
		INJECTED from src/main/AndroidManifest.xml
		INJECTED from src/main/AndroidManifest.xml
	xmlns:android
		ADDED from src/main/AndroidManifest.xml:2:11-69
uses-permission#android.permission.WAKE_LOCK
ADDED from src/main/AndroidManifest.xml:8:5-68
	android:name
		ADDED from src/main/AndroidManifest.xml:8:22-65
uses-permission#android.permission.MODIFY_AUDIO_SETTINGS
ADDED from src/main/AndroidManifest.xml:9:5-80
	android:name
		ADDED from src/main/AndroidManifest.xml:9:22-77
uses-permission#android.permission.WRITE_EXTERNAL_STORAGE
ADDED from src/main/AndroidManifest.xml:10:5-81
	android:name
		ADDED from src/main/AndroidManifest.xml:10:22-78
uses-permission#android.permission.INTERNET
ADDED from src/main/AndroidManifest.xml:11:5-67
MERGED from [com.google.android.gms:play-services-ads:8.4.0] AndroidManifest.xml:20:5-66
	android:name
		ADDED from src/main/AndroidManifest.xml:11:22-64
uses-permission#android.permission.GET_ACCOUNTS
ADDED from src/main/AndroidManifest.xml:12:5-71
	android:name
		ADDED from src/main/AndroidManifest.xml:12:22-68
uses-permission#android.permission.USE_CREDENTIALS
ADDED from src/main/AndroidManifest.xml:13:5-74
	android:name
		ADDED from src/main/AndroidManifest.xml:13:22-71
uses-permission#android.permission.ACCESS_NETWORK_STATE
ADDED from src/main/AndroidManifest.xml:14:5-79
MERGED from [com.google.android.gms:play-services-ads:8.4.0] AndroidManifest.xml:21:5-78
	android:name
		ADDED from src/main/AndroidManifest.xml:14:22-76
uses-sdk
ADDED from src/main/AndroidManifest.xml:16:5-18:41
MERGED from [com.android.support:multidex:1.0.1] AndroidManifest.xml:18:5-42
MERGED from [moojik-player:licensesdialoglibrary:unspecified] AndroidManifest.xml:22:5-24:41
MERGED from [moojik-player:quickScroll:unspecified] AndroidManifest.xml:7:5-9:41
MERGED from [moojik-player:picasso:unspecified] AndroidManifest.xml:8:5-10:41
MERGED from [moojik-player:velocityviewpagerlibrary:unspecified] AndroidManifest.xml:7:5-9:41
MERGED from [com.android.support:support-v4:24.0.0-alpha2] AndroidManifest.xml:20:5-43
MERGED from [moojik-player:dragsortlistviewlibrary:unspecified] AndroidManifest.xml:7:5-9:41
MERGED from [com.android.support:support-v4:24.0.0-alpha2] AndroidManifest.xml:20:5-43
MERGED from [moojik-player:viewpagerindicatorlibrary:unspecified] AndroidManifest.xml:7:5-9:41
MERGED from [moojik-player:velocityviewpagerlibrary:unspecified] AndroidManifest.xml:7:5-9:41
MERGED from [com.android.support:support-v4:24.0.0-alpha2] AndroidManifest.xml:20:5-43
MERGED from [com.android.support:support-v4:24.0.0-alpha2] AndroidManifest.xml:20:5-43
MERGED from [moojik-player:circularImageView:unspecified] AndroidManifest.xml:7:5-9:41
MERGED from [com.android.support:support-v4:24.0.0-alpha2] AndroidManifest.xml:20:5-43
MERGED from [moojik-player:picasso:unspecified] AndroidManifest.xml:8:5-10:41
MERGED from [com.android.support:support-v4:24.0.0-alpha2] AndroidManifest.xml:20:5-43
MERGED from [com.google.android.gms:play-services:6.1.71] AndroidManifest.xml:15:5-42
MERGED from [com.android.support:support-v4:24.0.0-alpha2] AndroidManifest.xml:20:5-43
MERGED from [com.android.support:multidex:1.0.1] AndroidManifest.xml:18:5-42
MERGED from [com.google.android.gms:play-services-ads:8.4.0] AndroidManifest.xml:23:5-42
MERGED from [com.google.android.gms:play-services-basement:8.4.0] AndroidManifest.xml:18:5-42
MERGED from [com.android.support:support-v4:24.0.0-alpha2] AndroidManifest.xml:20:5-43
	android:targetSdkVersion
		ADDED from src/main/AndroidManifest.xml:18:9-38
		INJECTED from src/main/AndroidManifest.xml
		INJECTED from src/main/AndroidManifest.xml
	android:minSdkVersion
		ADDED from src/main/AndroidManifest.xml:17:9-35
		INJECTED from src/main/AndroidManifest.xml
		INJECTED from src/main/AndroidManifest.xml
application
ADDED from src/main/AndroidManifest.xml:20:5-309:19
MERGED from [moojik-player:licensesdialoglibrary:unspecified] AndroidManifest.xml:26:5-20
MERGED from [com.android.support:support-v4:24.0.0-alpha2] AndroidManifest.xml:22:5-20
MERGED from [com.android.support:support-v4:24.0.0-alpha2] AndroidManifest.xml:22:5-20
MERGED from [com.android.support:support-v4:24.0.0-alpha2] AndroidManifest.xml:22:5-20
MERGED from [com.android.support:support-v4:24.0.0-alpha2] AndroidManifest.xml:22:5-20
MERGED from [com.android.support:support-v4:24.0.0-alpha2] AndroidManifest.xml:22:5-20
MERGED from [com.android.support:support-v4:24.0.0-alpha2] AndroidManifest.xml:22:5-20
MERGED from [com.google.android.gms:play-services:6.1.71] AndroidManifest.xml:16:5-19
MERGED from [com.android.support:support-v4:24.0.0-alpha2] AndroidManifest.xml:22:5-20
MERGED from [com.google.android.gms:play-services-ads:8.4.0] AndroidManifest.xml:24:5-32:19
MERGED from [com.google.android.gms:play-services-basement:8.4.0] AndroidManifest.xml:20:5-24:19
MERGED from [com.android.support:support-v4:24.0.0-alpha2] AndroidManifest.xml:22:5-20
	android:label
		ADDED from src/main/AndroidManifest.xml:24:9-41
	android:allowBackup
		ADDED from src/main/AndroidManifest.xml:22:9-35
	android:icon
		ADDED from src/main/AndroidManifest.xml:23:9-45
	android:largeHeap
		ADDED from src/main/AndroidManifest.xml:25:9-33
	android:name
		ADDED from src/main/AndroidManifest.xml:21:9-60
meta-data#com.google.android.gms.version
ADDED from src/main/AndroidManifest.xml:26:9-28:69
MERGED from [com.google.android.gms:play-services-basement:8.4.0] AndroidManifest.xml:21:9-23:69
	android:value
		ADDED from src/main/AndroidManifest.xml:28:13-66
	android:name
		ADDED from src/main/AndroidManifest.xml:27:13-58
meta-data#com.facebook.sdk.ApplicationId
ADDED from src/main/AndroidManifest.xml:29:9-31:49
	android:value
		ADDED from src/main/AndroidManifest.xml:31:13-46
	android:name
		ADDED from src/main/AndroidManifest.xml:30:13-58
service#com.google.analytics.tracking.android.CampaignTrackingService
ADDED from src/main/AndroidManifest.xml:35:9-97
	android:name
		ADDED from src/main/AndroidManifest.xml:35:18-94
receiver#com.google.analytics.tracking.android.CampaignTrackingReceiver
ADDED from src/main/AndroidManifest.xml:37:9-43:20
	android:exported
		ADDED from src/main/AndroidManifest.xml:39:13-36
	android:name
		ADDED from src/main/AndroidManifest.xml:38:13-90
intent-filter#com.android.vending.INSTALL_REFERRER
ADDED from src/main/AndroidManifest.xml:40:13-42:29
action#com.android.vending.INSTALL_REFERRER
ADDED from src/main/AndroidManifest.xml:41:17-79
	android:name
		ADDED from src/main/AndroidManifest.xml:41:25-76
activity#com.moojik.music.player.NowPlayingActivity.NowPlayingActivity
ADDED from src/main/AndroidManifest.xml:47:9-52:20
	android:label
		ADDED from src/main/AndroidManifest.xml:50:13-48
	android:launchMode
		ADDED from src/main/AndroidManifest.xml:51:13-44
	android:exported
		ADDED from src/main/AndroidManifest.xml:49:13-36
	android:name
		ADDED from src/main/AndroidManifest.xml:48:13-89
activity#com.moojik.music.player.EqualizerActivity.EqualizerActivity
ADDED from src/main/AndroidManifest.xml:56:9-60:20
	android:label
		ADDED from src/main/AndroidManifest.xml:59:13-46
	android:exported
		ADDED from src/main/AndroidManifest.xml:58:13-36
	android:name
		ADDED from src/main/AndroidManifest.xml:57:13-87
activity#com.moojik.music.player.LauncherActivity.LauncherActivity
ADDED from src/main/AndroidManifest.xml:64:9-70:20
	android:name
		ADDED from src/main/AndroidManifest.xml:64:19-91
intent-filter#android.intent.action.MAIN+android.intent.category.LAUNCHER
ADDED from src/main/AndroidManifest.xml:65:13-69:29
action#android.intent.action.MAIN
ADDED from src/main/AndroidManifest.xml:66:17-69
	android:name
		ADDED from src/main/AndroidManifest.xml:66:25-66
category#android.intent.category.LAUNCHER
ADDED from src/main/AndroidManifest.xml:68:17-77
	android:name
		ADDED from src/main/AndroidManifest.xml:68:27-74
activity#com.moojik.music.player.WelcomeActivity.WelcomeActivity
ADDED from src/main/AndroidManifest.xml:74:9-77:20
	android:label
		ADDED from src/main/AndroidManifest.xml:76:13-45
	android:name
		ADDED from src/main/AndroidManifest.xml:75:13-83
activity#com.moojik.music.player.MainActivity.MainActivity
ADDED from src/main/AndroidManifest.xml:81:9-85:20
	android:label
		ADDED from src/main/AndroidManifest.xml:83:13-45
	android:theme
		ADDED from src/main/AndroidManifest.xml:84:13-44
	android:name
		ADDED from src/main/AndroidManifest.xml:82:13-77
service#com.moojik.music.player.Services.AudioPlaybackService
ADDED from src/main/AndroidManifest.xml:89:9-89
	android:name
		ADDED from src/main/AndroidManifest.xml:89:18-86
service#com.moojik.music.player.Services.AutoFetchAlbumArtService
ADDED from src/main/AndroidManifest.xml:90:9-93
	android:name
		ADDED from src/main/AndroidManifest.xml:90:18-90
service#com.moojik.music.player.Services.PinGMusicSongsService
ADDED from src/main/AndroidManifest.xml:91:9-90
	android:name
		ADDED from src/main/AndroidManifest.xml:91:18-87
service#com.moojik.music.player.Services.LargeWidgetAdapterService
ADDED from src/main/AndroidManifest.xml:92:9-95:72
	android:exported
		ADDED from src/main/AndroidManifest.xml:94:13-37
	android:permission
		ADDED from src/main/AndroidManifest.xml:95:13-69
	android:name
		ADDED from src/main/AndroidManifest.xml:93:13-86
service#com.moojik.music.player.Services.BuildMusicLibraryService
ADDED from src/main/AndroidManifest.xml:96:9-98:40
	android:exported
		ADDED from src/main/AndroidManifest.xml:98:13-37
	android:name
		ADDED from src/main/AndroidManifest.xml:97:13-85
service#com.moojik.music.player.Services.DashClockExtensionService
ADDED from src/main/AndroidManifest.xml:99:9-117:19
	android:label
		ADDED from src/main/AndroidManifest.xml:102:13-50
	android:permission
		ADDED from src/main/AndroidManifest.xml:103:13-98
	android:icon
		ADDED from src/main/AndroidManifest.xml:101:13-52
	android:name
		ADDED from src/main/AndroidManifest.xml:100:13-86
intent-filter#com.google.android.apps.dashclock.Extension
ADDED from src/main/AndroidManifest.xml:104:13-106:29
action#com.google.android.apps.dashclock.Extension
ADDED from src/main/AndroidManifest.xml:105:17-86
	android:name
		ADDED from src/main/AndroidManifest.xml:105:25-83
meta-data#protocolVersion
ADDED from src/main/AndroidManifest.xml:108:13-110:37
	android:value
		ADDED from src/main/AndroidManifest.xml:110:17-34
	android:name
		ADDED from src/main/AndroidManifest.xml:109:17-47
meta-data#worldReadable
ADDED from src/main/AndroidManifest.xml:111:13-113:40
	android:value
		ADDED from src/main/AndroidManifest.xml:113:17-37
	android:name
		ADDED from src/main/AndroidManifest.xml:112:17-45
meta-data#description
ADDED from src/main/AndroidManifest.xml:114:13-116:65
	android:value
		ADDED from src/main/AndroidManifest.xml:116:17-62
	android:name
		ADDED from src/main/AndroidManifest.xml:115:17-43
receiver#com.moojik.music.player.WidgetProviders.LargeWidgetProvider
ADDED from src/main/AndroidManifest.xml:121:9-131:20
	android:label
		ADDED from src/main/AndroidManifest.xml:123:13-48
	android:name
		ADDED from src/main/AndroidManifest.xml:122:13-87
intent-filter#android.appwidget.action.APPWIDGET_UPDATE
ADDED from src/main/AndroidManifest.xml:124:13-126:29
action#android.appwidget.action.APPWIDGET_UPDATE
ADDED from src/main/AndroidManifest.xml:125:17-84
	android:name
		ADDED from src/main/AndroidManifest.xml:125:25-81
meta-data#android.appwidget.provider
ADDED from src/main/AndroidManifest.xml:128:13-130:61
	android:resource
		ADDED from src/main/AndroidManifest.xml:130:17-58
	android:name
		ADDED from src/main/AndroidManifest.xml:129:17-58
receiver#com.moojik.music.player.WidgetProviders.BlurredWidgetProvider
ADDED from src/main/AndroidManifest.xml:135:9-145:20
	android:label
		ADDED from src/main/AndroidManifest.xml:137:13-60
	android:name
		ADDED from src/main/AndroidManifest.xml:136:13-89
receiver#com.moojik.music.player.WidgetProviders.AlbumArtWidgetProvider
ADDED from src/main/AndroidManifest.xml:149:9-159:20
	android:label
		ADDED from src/main/AndroidManifest.xml:151:13-52
	android:name
		ADDED from src/main/AndroidManifest.xml:150:13-90
receiver#com.moojik.music.player.BroadcastReceivers.HeadsetButtonsReceiver
ADDED from src/main/AndroidManifest.xml:163:9-167:20
	android:name
		ADDED from src/main/AndroidManifest.xml:163:19-99
intent-filter#android.intent.action.MEDIA_BUTTON
ADDED from src/main/AndroidManifest.xml:164:13-166:29
action#android.intent.action.MEDIA_BUTTON
ADDED from src/main/AndroidManifest.xml:165:17-77
	android:name
		ADDED from src/main/AndroidManifest.xml:165:25-74
receiver#com.moojik.music.player.WidgetProviders.SmallWidgetProvider
ADDED from src/main/AndroidManifest.xml:171:9-181:20
	android:label
		ADDED from src/main/AndroidManifest.xml:173:13-48
	android:name
		ADDED from src/main/AndroidManifest.xml:172:13-87
activity#com.moojik.music.player.WidgetProviders.LargeWidgetConfigActivity
ADDED from src/main/AndroidManifest.xml:185:9-189:20
	android:name
		ADDED from src/main/AndroidManifest.xml:185:19-99
intent-filter#android.appwidget.action.APPWIDGET_CONFIGURE
ADDED from src/main/AndroidManifest.xml:186:13-188:29
action#android.appwidget.action.APPWIDGET_CONFIGURE
ADDED from src/main/AndroidManifest.xml:187:17-87
	android:name
		ADDED from src/main/AndroidManifest.xml:187:25-84
activity#com.moojik.music.player.WidgetProviders.SmallWidgetConfigActivity
ADDED from src/main/AndroidManifest.xml:193:9-197:20
	android:name
		ADDED from src/main/AndroidManifest.xml:193:19-99
receiver#com.moojik.music.player.BroadcastReceivers.LaunchNowPlayingReceiver
ADDED from src/main/AndroidManifest.xml:201:9-205:20
	android:name
		ADDED from src/main/AndroidManifest.xml:201:19-101
intent-filter#com.moojik.music.player.LAUNCH_NOW_PLAYING_ACTION
ADDED from src/main/AndroidManifest.xml:202:13-204:29
action#com.moojik.music.player.LAUNCH_NOW_PLAYING_ACTION
ADDED from src/main/AndroidManifest.xml:203:17-92
	android:name
		ADDED from src/main/AndroidManifest.xml:203:25-89
receiver#com.moojik.music.player.BroadcastReceivers.PlayPauseBroadcastReceiver
ADDED from src/main/AndroidManifest.xml:209:9-213:20
	android:name
		ADDED from src/main/AndroidManifest.xml:209:19-103
intent-filter#com.moojik.music.player.PLAY_PAUSE_ACTION
ADDED from src/main/AndroidManifest.xml:210:13-212:29
action#com.moojik.music.player.PLAY_PAUSE_ACTION
ADDED from src/main/AndroidManifest.xml:211:17-84
	android:name
		ADDED from src/main/AndroidManifest.xml:211:25-81
receiver#com.moojik.music.player.BroadcastReceivers.PreviousBroadcastReceiver
ADDED from src/main/AndroidManifest.xml:217:9-221:20
	android:name
		ADDED from src/main/AndroidManifest.xml:217:19-102
intent-filter#com.moojik.music.player.PREVIOUS_ACTION
ADDED from src/main/AndroidManifest.xml:218:13-220:29
action#com.moojik.music.player.PREVIOUS_ACTION
ADDED from src/main/AndroidManifest.xml:219:17-82
	android:name
		ADDED from src/main/AndroidManifest.xml:219:25-79
receiver#com.moojik.music.player.BroadcastReceivers.NextBroadcastReceiver
ADDED from src/main/AndroidManifest.xml:225:9-229:20
	android:name
		ADDED from src/main/AndroidManifest.xml:225:19-98
intent-filter#com.moojik.music.player.NEXT_ACTION
ADDED from src/main/AndroidManifest.xml:226:13-228:29
action#com.moojik.music.player.NEXT_ACTION
ADDED from src/main/AndroidManifest.xml:227:17-78
	android:name
		ADDED from src/main/AndroidManifest.xml:227:25-75
receiver#com.moojik.music.player.BroadcastReceivers.StopServiceBroadcastReceiver
ADDED from src/main/AndroidManifest.xml:233:9-237:20
	android:name
		ADDED from src/main/AndroidManifest.xml:233:19-105
intent-filter#com.moojik.music.player.STOP_SERVICE
ADDED from src/main/AndroidManifest.xml:234:13-236:29
action#com.moojik.music.player.STOP_SERVICE
ADDED from src/main/AndroidManifest.xml:235:17-79
	android:name
		ADDED from src/main/AndroidManifest.xml:235:25-76
receiver#com.moojik.music.player.BroadcastReceivers.ChangeTrackBroadcastReceiver
ADDED from src/main/AndroidManifest.xml:241:9-245:20
	android:name
		ADDED from src/main/AndroidManifest.xml:241:19-105
intent-filter#com.moojik.music.player.WIDGET_CHANGE_TRACK
ADDED from src/main/AndroidManifest.xml:242:13-244:29
action#com.moojik.music.player.WIDGET_CHANGE_TRACK
ADDED from src/main/AndroidManifest.xml:243:17-86
	android:name
		ADDED from src/main/AndroidManifest.xml:243:25-83
activity#com.moojik.music.player.SettingsActivity.SettingsActivity
ADDED from src/main/AndroidManifest.xml:249:9-250:20
	android:name
		ADDED from src/main/AndroidManifest.xml:249:19-91
activity#com.moojik.music.player.SettingsActivity.PreferenceDialogLauncherActivity
ADDED from src/main/AndroidManifest.xml:254:9-258:20
	android:label
		ADDED from src/main/AndroidManifest.xml:256:13-45
	android:theme
		ADDED from src/main/AndroidManifest.xml:257:13-55
	android:name
		ADDED from src/main/AndroidManifest.xml:255:13-101
activity#com.moojik.music.player.NowPlayingQueueActivity.NowPlayingQueueActivity
ADDED from src/main/AndroidManifest.xml:262:9-265:20
	android:label
		ADDED from src/main/AndroidManifest.xml:264:13-54
	android:name
		ADDED from src/main/AndroidManifest.xml:263:13-99
activity#com.moojik.music.player.BlacklistManagerActivity.BlacklistManagerActivity
ADDED from src/main/AndroidManifest.xml:269:9-272:20
	android:label
		ADDED from src/main/AndroidManifest.xml:271:13-69
	android:name
		ADDED from src/main/AndroidManifest.xml:270:13-101
activity#com.moojik.music.player.MusicLibraryEditorActivity.MusicLibraryEditorActivity
ADDED from src/main/AndroidManifest.xml:276:9-279:20
	android:label
		ADDED from src/main/AndroidManifest.xml:278:13-57
	android:name
		ADDED from src/main/AndroidManifest.xml:277:13-105
activity#com.moojik.music.player.PlaylistEditorActivity.PlaylistEditorActivity
ADDED from src/main/AndroidManifest.xml:283:9-286:20
	android:label
		ADDED from src/main/AndroidManifest.xml:285:13-46
	android:name
		ADDED from src/main/AndroidManifest.xml:284:13-97
activity#com.moojik.music.player.Services.KitKatFixActivity
ADDED from src/main/AndroidManifest.xml:290:9-300:62
	android:clearTaskOnLaunch
		ADDED from src/main/AndroidManifest.xml:294:13-45
	android:enabled
		ADDED from src/main/AndroidManifest.xml:295:13-35
	android:stateNotNeeded
		ADDED from src/main/AndroidManifest.xml:299:13-42
	android:excludeFromRecents
		ADDED from src/main/AndroidManifest.xml:296:13-46
	android:noHistory
		ADDED from src/main/AndroidManifest.xml:298:13-37
	android:allowTaskReparenting
		ADDED from src/main/AndroidManifest.xml:292:13-48
	android:alwaysRetainTaskState
		ADDED from src/main/AndroidManifest.xml:293:13-50
	android:finishOnTaskLaunch
		ADDED from src/main/AndroidManifest.xml:297:13-46
	android:theme
		ADDED from src/main/AndroidManifest.xml:300:13-59
	android:name
		ADDED from src/main/AndroidManifest.xml:291:13-78
activity#com.moojik.music.player.BrowserSubListActivity.BrowserSubListActivity
ADDED from src/main/AndroidManifest.xml:301:9-304:20
	android:label
		ADDED from src/main/AndroidManifest.xml:303:13-63
	android:name
		ADDED from src/main/AndroidManifest.xml:302:13-97
activity#com.moojik.music.player.BrowserSubGridActivity.BrowserSubGridActivity
ADDED from src/main/AndroidManifest.xml:305:9-308:20
	android:label
		ADDED from src/main/AndroidManifest.xml:307:13-69
	android:name
		ADDED from src/main/AndroidManifest.xml:306:13-97
activity#com.google.android.gms.ads.AdActivity
ADDED from [com.google.android.gms:play-services-ads:8.4.0] AndroidManifest.xml:26:9-29:64
	android:configChanges
		ADDED from [com.google.android.gms:play-services-ads:8.4.0] AndroidManifest.xml:28:13-122
	android:theme
		ADDED from [com.google.android.gms:play-services-ads:8.4.0] AndroidManifest.xml:29:13-61
	android:name
		ADDED from [com.google.android.gms:play-services-ads:8.4.0] AndroidManifest.xml:27:13-65
activity#com.google.android.gms.ads.purchase.InAppPurchaseActivity
ADDED from [com.google.android.gms:play-services-ads:8.4.0] AndroidManifest.xml:30:9-31:52
	android:theme
		ADDED from [com.google.android.gms:play-services-ads:8.4.0] AndroidManifest.xml:31:13-50
	android:name
		ADDED from [com.google.android.gms:play-services-ads:8.4.0] AndroidManifest.xml:30:19-91